#
# There is insufficient memory for the Java Runtime Environment to continue.
# Native memory allocation (mmap) failed to map 130023424 bytes for G1 virtual space
# Possible reasons:
#   The system is out of physical RAM or swap space
#   The process is running with CompressedOops enabled, and the Java Heap may be blocking the growth of the native heap
# Possible solutions:
#   Reduce memory load on the system
#   Increase physical memory or swap space
#   Check if swap backing store is full
#   Decrease Java heap size (-Xmx/-Xms)
#   Decrease number of Java threads
#   Decrease Java thread stack sizes (-Xss)
#   Set larger code cache with -XX:ReservedCodeCacheSize=
#   JVM is running with Unscaled Compressed Oops mode in which the Java heap is
#     placed in the first 4GB address space. The Java Heap base address is the
#     maximum limit for the native heap growth. Please use -XX:HeapBaseMinAddress
#     to set the Java Heap base and to place the Java Heap above 4GB virtual address.
# This output file may be truncated or incomplete.
#
#  Out of Memory Error (os_windows.cpp:3528), pid=38648, tid=26668
#
# JRE version:  (20.0.2+9) (build )
# Java VM: Java HotSpot(TM) 64-Bit Server VM (20.0.2+9-78, mixed mode, sharing, tiered, compressed oops, compressed class ptrs, g1 gc, windows-amd64)
# No core dump will be written. Minidumps are not enabled by default on client versions of Windows
#

---------------  S U M M A R Y ------------

Command Line: -Dfile.encoding=UTF-8 --module-path=C:\Users\KAPIL SHARMA\Documents\NetBeansProjects\Bank management system\build\classes bank.management.system.FastCash

Host: 11th Gen Intel(R) Core(TM) i5-1135G7 @ 2.40GHz, 8 cores, 7G,  Windows 10 , 64 bit Build 19041 (10.0.19041.3393)
Time: Fri Sep 29 22:37:48 2023 India Standard Time elapsed time: 0.011820 seconds (0d 0h 0m 0s)

---------------  T H R E A D  ---------------

Current thread (0x0000028b4f9589b0):  JavaThread "Unknown thread" [_thread_in_vm, id=26668, stack(0x000000aedbe00000,0x000000aedbf00000)]

Stack: [0x000000aedbe00000,0x000000aedbf00000]
Native frames: (J=compiled Java code, j=interpreted, Vv=VM code, C=native code)
V  [jvm.dll+0x6bc25a]
V  [jvm.dll+0x84971a]
V  [jvm.dll+0x84b315]
V  [jvm.dll+0x84ba13]
V  [jvm.dll+0x280e4f]
V  [jvm.dll+0x6b8fe9]
V  [jvm.dll+0x6adbca]
V  [jvm.dll+0x35b165]
V  [jvm.dll+0x363386]
V  [jvm.dll+0x3b400e]
V  [jvm.dll+0x3b4295]
V  [jvm.dll+0x32b86a]
V  [jvm.dll+0x32c68b]
V  [jvm.dll+0x8123df]
V  [jvm.dll+0x3c1261]
V  [jvm.dll+0x7fe103]
V  [jvm.dll+0x44ccaf]
V  [jvm.dll+0x44e621]
C  [jli.dll+0x5287]
C  [ucrtbase.dll+0x21bb2]
C  [KERNEL32.DLL+0x17344]
C  [ntdll.dll+0x526b1]


---------------  P R O C E S S  ---------------

Threads class SMR info:
_java_thread_list=0x00007fffda3db118, length=0, elements={
}

Java Threads: ( => current thread )

Other Threads:
  0x0000028b4f9b5040 WorkerThread "GC Thread#0" [stack: 0x000000aedbf00000,0x000000aedc000000] [id=35176]
  0x0000028b4f9c5450 ConcurrentGCThread "G1 Main Marker" [stack: 0x000000aedc000000,0x000000aedc100000] [id=39464]
  0x0000028b4f9c5e80 WorkerThread "G1 Conc#0" [stack: 0x000000aedc100000,0x000000aedc200000] [id=33628]

[error occurred during error reporting (printing all threads), id 0xc0000005, EXCEPTION_ACCESS_VIOLATION (0xc0000005) at pc=0x00007fffd9bbeea7]
VM state: not at safepoint (not fully initialized)

VM Mutex/Monitor currently owned by a thread:  ([mutex/lock_event])
[0x0000028b4f954c50] Heap_lock - owner thread: 0x0000028b4f9589b0

Heap address: 0x0000000085800000, size: 1960 MB, Compressed Oops mode: 32-bit

CDS archive(s) mapped at: [0x0000000000000000-0x0000000000000000-0x0000000000000000), size 0, SharedBaseAddress: 0x0000000800000000, ArchiveRelocationMode: 1.
Narrow klass base: 0x0000000000000000, Narrow klass shift: 0, Narrow klass range: 0x0

GC Precious Log:
 CardTable entry size: 512
 Card Set container configuration: InlinePtr #cards 5 size 8 Array Of Cards #cards 12 size 40 Howl #buckets 4 coarsen threshold 1843 Howl Bitmap #cards 512 size 80 coarsen threshold 460 Card regions per heap region 1 cards per card region 2048

Heap:
 garbage-first heap   total 0K, used 0K [0x0000000085800000, 0x0000000100000000)
  region size 1024K, 0 young (0K), 0 survivors (0K)

[error occurred during error reporting (printing heap information), id 0xc0000005, EXCEPTION_ACCESS_VIOLATION (0xc0000005) at pc=0x00007fffd9f947b9]
GC Heap History (0 events):
No events

Dll operation events (1 events):
Event: 0.007 Loaded shared library C:\Program Files\Java\jdk-20\bin\java.dll

Deoptimization events (0 events):
No events

Classes loaded (0 events):
No events

Classes unloaded (0 events):
No events

Classes redefined (0 events):
No events

Internal exceptions (0 events):
No events

VM Operations (0 events):
No events

Events (0 events):
No events


Dynamic libraries:
0x00007ff697020000 - 0x00007ff697030000 	C:\Program Files\Java\jdk-20\bin\java.exe
0x00007ff83c4d0000 - 0x00007ff83c6c8000 	C:\windows\SYSTEM32\ntdll.dll
0x00007ff802760000 - 0x00007ff802779000 	C:\Program Files\Avast Software\Avast\aswhook.dll
0x00007ff83ad20000 - 0x00007ff83addd000 	C:\windows\System32\KERNEL32.DLL
0x00007ff839e70000 - 0x00007ff83a166000 	C:\windows\System32\KERNELBASE.dll
0x00007ff83a2c0000 - 0x00007ff83a3c0000 	C:\windows\System32\ucrtbase.dll
0x00007ff832500000 - 0x00007ff832519000 	C:\Program Files\Java\jdk-20\bin\jli.dll
0x00007ff83aee0000 - 0x00007ff83af8e000 	C:\windows\System32\ADVAPI32.dll
0x00007ff83b740000 - 0x00007ff83b7de000 	C:\windows\System32\msvcrt.dll
0x00007ff83ade0000 - 0x00007ff83ae7c000 	C:\windows\System32\sechost.dll
0x00007ff83c260000 - 0x00007ff83c386000 	C:\windows\System32\RPCRT4.dll
0x00007ff83aa20000 - 0x00007ff83abbe000 	C:\windows\System32\USER32.dll
0x00007ff83a290000 - 0x00007ff83a2b2000 	C:\windows\System32\win32u.dll
0x00007ff83b900000 - 0x00007ff83b92c000 	C:\windows\System32\GDI32.dll
0x00007ff83a170000 - 0x00007ff83a28a000 	C:\windows\System32\gdi32full.dll
0x00007ff839dd0000 - 0x00007ff839e6d000 	C:\windows\System32\msvcp_win.dll
0x00007ff830880000 - 0x00007ff83089b000 	C:\Program Files\Java\jdk-20\bin\VCRUNTIME140.dll
0x00007ff81e290000 - 0x00007ff81e52a000 	C:\windows\WinSxS\amd64_microsoft.windows.common-controls_6595b64144ccf1df_6.0.19041.1110_none_60b5254171f9507e\COMCTL32.dll
0x00007ff82de10000 - 0x00007ff82de1a000 	C:\windows\SYSTEM32\VERSION.dll
0x00007ff83bae0000 - 0x00007ff83bb10000 	C:\windows\System32\IMM32.DLL
0x00007ffffea40000 - 0x00007ffffeb9c000 	C:\Program Files (x86)\Citrix\ICA Client\epclient64.dll
0x00007ff83a470000 - 0x00007ff83a497000 	C:\windows\System32\bcrypt.dll
0x00007ff838d10000 - 0x00007ff838d43000 	C:\windows\SYSTEM32\ntmarta.dll
0x00007ff8383d0000 - 0x00007ff8383e2000 	C:\windows\SYSTEM32\kernel.appcore.dll
0x00007ff820890000 - 0x00007ff82089c000 	C:\Program Files\Java\jdk-20\bin\vcruntime140_1.dll
0x00007ffff8140000 - 0x00007ffff81ce000 	C:\Program Files\Java\jdk-20\bin\msvcp140.dll
0x00007fffd9880000 - 0x00007fffda518000 	C:\Program Files\Java\jdk-20\bin\server\jvm.dll
0x00007ff81ba00000 - 0x00007ff81ba09000 	C:\windows\SYSTEM32\WSOCK32.dll
0x0000028b4d7d0000 - 0x0000028b4d83b000 	C:\windows\System32\WS2_32.dll
0x00007ff814fc0000 - 0x00007ff814fe7000 	C:\windows\SYSTEM32\WINMM.dll
0x00007ff820880000 - 0x00007ff82088a000 	C:\Program Files\Java\jdk-20\bin\jimage.dll
0x00007ff837780000 - 0x00007ff837964000 	C:\windows\SYSTEM32\DBGHELP.DLL
0x00007ff821510000 - 0x00007ff821544000 	C:\windows\SYSTEM32\dbgcore.DLL
0x00007ff83a4a0000 - 0x00007ff83a522000 	C:\windows\System32\bcryptPrimitives.dll
0x00007ffffe6f0000 - 0x00007ffffe716000 	C:\Program Files\Java\jdk-20\bin\java.dll

dbghelp: loaded successfully - version: 4.0.5 - missing functions: none
symbol engine: initialized successfully - sym options: 0x614 - pdb path: .;C:\Program Files\Java\jdk-20\bin;C:\windows\SYSTEM32;C:\Program Files\Avast Software\Avast;C:\windows\WinSxS\amd64_microsoft.windows.common-controls_6595b64144ccf1df_6.0.19041.1110_none_60b5254171f9507e;C:\Program Files (x86)\Citrix\ICA Client;C:\Program Files\Java\jdk-20\bin\server

VM Arguments:
jvm_args: -Dfile.encoding=UTF-8 --module-path=C:\Users\KAPIL SHARMA\Documents\NetBeansProjects\Bank management system\build\classes 
java_command: bank.management.system.FastCash
java_class_path (initial): C:\Users\KAPIL SHARMA\Downloads\jcalendar-tz-1.3.3-4.jar.zip;C:\Users\KAPIL SHARMA\Downloads\icons-20230908T174731Z-001.zip;C:\Users\KAPIL SHARMA\Downloads\jcalendar-tz-1.3.3-4.jar;C:\Users\KAPIL SHARMA\Downloads\mysql-connector-java-8.0.28.jar;C:\Users\KAPIL SHARMA\Documents\NetBeansProjects\Bank management system\build\classes
Launcher Type: SUN_STANDARD

[Global flags]
     intx CICompilerCount                          = 4                                         {product} {ergonomic}
     uint ConcGCThreads                            = 2                                         {product} {ergonomic}
     uint G1ConcRefinementThreads                  = 8                                         {product} {ergonomic}
   size_t G1HeapRegionSize                         = 1048576                                   {product} {ergonomic}
    uintx GCDrainStackTargetSize                   = 64                                        {product} {ergonomic}
   size_t InitialHeapSize                          = 130023424                                 {product} {ergonomic}
   size_t MarkStackSize                            = 4194304                                   {product} {ergonomic}
   size_t MaxHeapSize                              = 2055208960                                {product} {ergonomic}
   size_t MinHeapDeltaBytes                        = 1048576                                   {product} {ergonomic}
   size_t MinHeapSize                              = 8388608                                   {product} {ergonomic}
    uintx NonNMethodCodeHeapSize                   = 5839372                                {pd product} {ergonomic}
    uintx NonProfiledCodeHeapSize                  = 122909434                              {pd product} {ergonomic}
    uintx ProfiledCodeHeapSize                     = 122909434                              {pd product} {ergonomic}
    uintx ReservedCodeCacheSize                    = 251658240                              {pd product} {ergonomic}
     bool SegmentedCodeCache                       = true                                      {product} {ergonomic}
   size_t SoftMaxHeapSize                          = 2055208960                             {manageable} {ergonomic}
     bool UseCompressedClassPointers               = true                           {product lp64_product} {ergonomic}
     bool UseCompressedOops                        = true                           {product lp64_product} {ergonomic}
     bool UseG1GC                                  = true                                      {product} {ergonomic}
     bool UseLargePagesIndividualAllocation        = false                                  {pd product} {ergonomic}

Logging:
Log output configuration:
 #0: stdout all=warning uptime,level,tags foldmultilines=false
 #1: stderr all=off uptime,level,tags foldmultilines=false

Environment Variables:
JAVA_HOME=C:\Windows\System32\cmd.exe
PATH=C:\Program Files\Common Files\Oracle\Java\javapath;C:\Program Files (x86)\Common Files\Oracle\Java\javapath;C:\windows\system32;C:\windows;C:\windows\System32\Wbem;C:\windows\System32\WindowsPowerShell\v1.0\;C:\windows\System32\OpenSSH\;C:\MinGW\bin;C:\Program Files\Java\jdk-20\bin;C:\Program Files\Common Files\Oracle\Java\javapath;C:\Windows\System32\cmd.exe;C:\java;C:\Program Files\MySQL\MySQL Shell 8.0\bin\;C:\Users\KAPIL SHARMA\anaconda3;C:\Users\KAPIL SHARMA\anaconda3\Library\mingw-w64\bin;C:\Users\KAPIL SHARMA\anaconda3\Library\usr\bin;C:\Users\KAPIL SHARMA\anaconda3\Library\bin;C:\Users\KAPIL SHARMA\anaconda3\Scripts;C:\Users\KAPIL SHARMA\AppData\Local\Microsoft\WindowsApps;C:\apache-maven-3.8.4\bin;C:\Windows\System32\cmd.exe\bin;C:\Users\KAPIL SHARMA\AppData\Local\Programs\Microsoft VS Code\bin;C:\Users\KAPIL SHARMA\AppData\Local\GitHubDesktop\bin;C:\ProgramData\KAPIL SHARMA\GitHubDesktop\bin;C:\Program Files\Java\jdk1.8.0_281\bin;C:\Program Files\Java\jdk1.8.0_281\bin;C:\Program Files\Java\jdk1.8.0_281\bin;C:\Windows\System32\cmd.exe;C:\java;
USERNAME=KAPIL SHARMA
OS=Windows_NT
PROCESSOR_IDENTIFIER=Intel64 Family 6 Model 140 Stepping 1, GenuineIntel
TMP=C:\Users\KAPILS~1\AppData\Local\Temp
TEMP=C:\Users\KAPILS~1\AppData\Local\Temp




---------------  S Y S T E M  ---------------

OS:
 Windows 10 , 64 bit Build 19041 (10.0.19041.3393)
OS uptime: 13 days 8:16 hours

CPU: total 8 (initial active 8) (4 cores per cpu, 2 threads per core) family 6 model 140 stepping 1 microcode 0x8a, cx8, cmov, fxsr, ht, mmx, 3dnowpref, sse, sse2, sse3, ssse3, sse4.1, sse4.2, popcnt, lzcnt, tsc, tscinvbit, avx, avx2, aes, erms, clmul, bmi1, bmi2, adx, avx512f, avx512dq, avx512cd, avx512bw, avx512vl, sha, fma, vzeroupper, avx512_vpopcntdq, avx512_vpclmulqdq, avx512_vaes, avx512_vnni, clflush, clflushopt, clwb, avx512_vbmi2, avx512_vbmi, rdtscp, rdpid, fsrm, gfni, avx512_bitalg, f16c, pku, cet_ibt, cet_ss, avx512_ifma

Memory: 4k page, system-wide physical 7834M (467M free)
TotalPageFile size 31374M (AvailPageFile size 32M)
current process WorkingSet (physical memory assigned to process): 12M, peak: 12M
current process commit charge ("private bytes"): 61M, peak: 185M

vm_info: Java HotSpot(TM) 64-Bit Server VM (20.0.2+9-78) for windows-amd64 JRE (20.0.2+9-78), built on 2023-06-14T10:08:48Z by "mach5one" with MS VC++ 17.1 (VS2022)

END.
